<?xml version="1.0" encoding="UTF-8"?>

<configuration status="off">
    <appenders>
        <console name="console" target="SYSTEM_OUT">
            <patternLayout pattern="%c: %m%n"/>
        </console>
    </appenders>

    <loggers>
        <logger name="zensols.dataset.db" level="info"/>
        <logger name="uic.nlp" level="debug"/>
        <root level="warn">
            <appenderRef ref="console"/>
        </root>
    </loggers>
</configuration>
